<?xml version="1.0" encoding="UTF-8"?>
<testsuite xmlns:xsi="http://www.w3.org/2001/XMLSchema-instance" xsi:noNamespaceSchemaLocation="https://maven.apache.org/surefire/maven-surefire-plugin/xsd/surefire-test-report-3.0.xsd" version="3.0" name="com.example.SpringbootexampleApplicationTests" time="6.696" tests="1" errors="0" skipped="0" failures="0">
  <properties>
[...]
</properties>
  <testcase name="contextLoads" classname="com.example.SpringbootexampleApplicationTests" time="2.078">
    <system-out><![CDATA[19:33:47.955 [main] INFO org.springframework.test.context.support.AnnotationConfigContextLoaderUtils -- Could not detect default configuration classes for test class [com.example.SpringbootexampleApplicationTests]: SpringbootexampleApplicationTests does not declare any static, non-private, non-final, nested classes annotated with @Configuration.
19:33:48.148 [main] INFO org.springframework.boot.test.context.SpringBootTestContextBootstrapper -- Found @SpringBootConfiguration com.example.SpringbootexampleApplication for test class com.example.SpringbootexampleApplicationTests

  .   ____          _            __ _ _
 /\\ / ___'_ __ _ _(_)_ __  __ _ \ \ \ \
( ( )\___ | '_ | '_| | '_ \/ _` | \ \ \ \
 \\/  ___)| |_)| | | | | || (_| |  ) ) ) )
  '  |____| .__|_| |_|_| |_\__, | / / / /
 =========|_|==============|___/=/_/_/_/
 :: Spring Boot ::                (v3.2.6)

2024-06-05T19:33:49.115+05:30  INFO 11088 --- [springbootexample] [           main] c.e.SpringbootexampleApplicationTests    : Starting SpringbootexampleApplicationTests using Java 17.0.5 with PID 11088 (started by ASUS in C:\Users\ASUS\Downloads\UPDATED-SPRINGBOOTPROJECT\SpringBoot - Copy\springbootexample)
2024-06-05T19:33:49.123+05:30  INFO 11088 --- [springbootexample] [           main] c.e.SpringbootexampleApplicationTests    : No active profile set, falling back to 1 default profile: "default"
2024-06-05T19:33:52.136+05:30  INFO 11088 --- [springbootexample] [           main] c.e.SpringbootexampleApplicationTests    : Started SpringbootexampleApplicationTests in 3.693 seconds (process running for 7.245)
]]></system-out>
  </testcase>
</testsuite>